d:\alvar\documents\tfg\nueva carpeta\poker_simu\debug\vc142.pdb
d:\alvar\documents\tfg\nueva carpeta\poker_simu\debug\vc142.idb
d:\alvar\documents\tfg\nueva carpeta\poker_simu\debug\jugador.obj
d:\alvar\documents\tfg\nueva carpeta\poker_simu\debug\carta.obj
d:\alvar\documents\tfg\nueva carpeta\poker_simu\debug\poker_simu.obj
d:\alvar\documents\tfg\nueva carpeta\poker_simu\debug\mesa.obj
d:\alvar\documents\tfg\nueva carpeta\poker_simu\debug\poker_simu.exe
d:\alvar\documents\tfg\nueva carpeta\poker_simu\debug\poker_simu.ilk
d:\alvar\documents\tfg\nueva carpeta\poker_simu\debug\poker_simu.pdb
d:\alvar\documents\tfg\nueva carpeta\poker_simu\debug\poker_simu.res
c:\users\agmaestre\downloads\poker_simu-master (1)\poker_simu-master\debug\carta.obj
c:\users\agmaestre\downloads\poker_simu-master (1)\poker_simu-master\debug\jugador.obj
c:\users\agmaestre\downloads\poker_simu-master (1)\poker_simu-master\debug\mesa.obj
c:\users\agmaestre\downloads\poker_simu-master (1)\poker_simu-master\debug\poker_simu.obj
c:\users\agmaestre\downloads\poker_simu-master (1)\poker_simu-master\debug\mesa.obj.enc
c:\users\agmaestre\downloads\poker_simu-master (1)\poker_simu-master\debug\poker_simu.obj.enc
c:\users\agmaestre\downloads\poker_simu-master (1)\poker_simu-master\debug\poker_simu.ilk
c:\users\agmaestre\downloads\poker_simu-master (1)\poker_simu-master\debug\poker_simu.res
c:\users\agmaestre\downloads\poker_simu-master (1)\poker_simu-master\debug\vc142.idb
c:\users\agmaestre\downloads\poker_simu-master (1)\poker_simu-master\debug\poker_simu.pdb
c:\users\agmaestre\downloads\poker_simu-master (1)\poker_simu-master\debug\vc142.pdb
c:\users\agmaestre\downloads\poker_simu-master (1)\poker_simu-master\debug\poker_simu.exe
c:\users\agmaestre\downloads\poker_simu-master (1)\poker_simu-master\debug\poker_simu.tlog\cl.command.1.tlog
c:\users\agmaestre\downloads\poker_simu-master (1)\poker_simu-master\debug\poker_simu.tlog\cl.read.1.tlog
c:\users\agmaestre\downloads\poker_simu-master (1)\poker_simu-master\debug\poker_simu.tlog\cl.write.1.tlog
c:\users\agmaestre\downloads\poker_simu-master (1)\poker_simu-master\debug\poker_simu.tlog\link.command.1.tlog
c:\users\agmaestre\downloads\poker_simu-master (1)\poker_simu-master\debug\poker_simu.tlog\link.read.1.tlog
c:\users\agmaestre\downloads\poker_simu-master (1)\poker_simu-master\debug\poker_simu.tlog\link.write.1.tlog
c:\users\agmaestre\downloads\poker_simu-master (1)\poker_simu-master\debug\poker_simu.tlog\rc.command.1.tlog
c:\users\agmaestre\downloads\poker_simu-master (1)\poker_simu-master\debug\poker_simu.tlog\rc.read.1.tlog
c:\users\agmaestre\downloads\poker_simu-master (1)\poker_simu-master\debug\poker_simu.tlog\rc.write.1.tlog
